modules/pomodometer-android/android/build/intermediates/manifest_merge_blame_file/debug/processDebugManifest/manifest-merger-blame-debug-report.txt
1<?xml version="1.0" encoding="utf-8"?>
2<manifest xmlns:android="http://schemas.android.com/apk/res/android"
3    package="expo.modules.pomodometerandroid" >
4
5    <uses-sdk android:minSdkVersion="24" />
6
7    <uses-permission android:name="android.permission.FOREGROUND_SERVICE" />
7-->src\main\AndroidManifest.xml:3:3-75
7-->src\main\AndroidManifest.xml:3:20-72
8    <uses-permission android:name="android.permission.FOREGROUND_SERVICE_SPECIAL_USE" />
8-->src\main\AndroidManifest.xml:4:3-87
8-->src\main\AndroidManifest.xml:4:20-84
9    <uses-permission android:name="android.permission.POST_NOTIFICATIONS" />
9-->src\main\AndroidManifest.xml:5:3-75
9-->src\main\AndroidManifest.xml:5:20-72
10    <uses-permission android:name="android.permission.READ_PHONE_STATE" />
10-->src\main\AndroidManifest.xml:6:3-73
10-->src\main\AndroidManifest.xml:6:20-70
11    <uses-permission android:name="android.permission.WAKE_LOCK" />
11-->src\main\AndroidManifest.xml:7:3-66
11-->src\main\AndroidManifest.xml:7:20-63
12    <uses-permission android:name="android.permission.REQUEST_IGNORE_BATTERY_OPTIMIZATIONS" />
12-->src\main\AndroidManifest.xml:8:3-93
12-->src\main\AndroidManifest.xml:8:20-90
13
14    <application>
14-->src\main\AndroidManifest.xml:10:3-34:17
15        <service
15-->src\main\AndroidManifest.xml:11:5-18:15
16            android:name="expo.modules.pomodometerandroid.PomodometerService"
16-->src\main\AndroidManifest.xml:12:7-41
17            android:exported="false"
17-->src\main\AndroidManifest.xml:13:7-31
18            android:foregroundServiceType="specialUse" >
18-->src\main\AndroidManifest.xml:14:7-49
19            <property
19-->src\main\AndroidManifest.xml:15:7-17:57
20                android:name="android.app.PROPERTY_SPECIAL_USE_FGS_SUBTYPE"
20-->src\main\AndroidManifest.xml:16:9-68
21                android:value="focus session countdown timer" />
21-->src\main\AndroidManifest.xml:17:9-54
22        </service>
23
24        <activity
24-->src\main\AndroidManifest.xml:20:5-24:69
25            android:name="expo.modules.pomodometerandroid.LockActivity"
25-->src\main\AndroidManifest.xml:21:7-35
26            android:exported="false"
26-->src\main\AndroidManifest.xml:22:7-31
27            android:launchMode="singleTask"
27-->src\main\AndroidManifest.xml:23:7-38
28            android:theme="@android:style/Theme.Translucent.NoTitleBar" />
28-->src\main\AndroidManifest.xml:24:7-66
29
30        <receiver
30-->src\main\AndroidManifest.xml:26:5-33:16
31            android:name="expo.modules.pomodometerandroid.PomodometerDeviceAdminReceiver"
31-->src\main\AndroidManifest.xml:27:7-53
32            android:exported="true"
32-->src\main\AndroidManifest.xml:28:7-30
33            android:permission="android.permission.BIND_DEVICE_ADMIN" >
33-->src\main\AndroidManifest.xml:29:7-64
34            <meta-data
34-->src\main\AndroidManifest.xml:30:7-32:60
35                android:name="android.app.device_admin"
35-->src\main\AndroidManifest.xml:31:9-48
36                android:resource="@xml/pomodometer_device_admin" />
36-->src\main\AndroidManifest.xml:32:9-57
37        </receiver>
38    </application>
39
40</manifest>